Arguments: 
  C:\Program Files\nodejs\node.exe C:\Users\Sobuj\AppData\Roaming\npm\node_modules\yarn\bin\yarn.js add -D prettier

PATH: 
  F:\Web Development With Sumit\ExpressJS\Todo Project\node_modules\.bin;F:\Web Development With Sumit\ExpressJS\node_modules\.bin;F:\Web Development With Sumit\node_modules\.bin;F:\node_modules\.bin;C:\Users\Sobuj\AppData\Roaming\npm\node_modules\npm\node_modules\@npmcli\run-script\lib\node-gyp-bin;C:\Program Files\WindowsApps\Microsoft.PowerShell_7.2.2.0_x64__8wekyb3d8bbwe;C:\Python310\Scripts\;C:\Python310\;C:\Program Files\Python38\Scripts\;C:\Program Files\Python38\;C:\WINDOWS\system32;C:\WINDOWS;C:\WINDOWS\System32\Wbem;C:\WINDOWS\System32\WindowsPowerShell\v1.0\;C:\WINDOWS\System32\OpenSSH\;C:\Program Files\Java\jdk-14.0.1\bin;C:\ProgramData\chocolatey\bin;C:\Program Files\nodejs\;C:\Program Files\Git\cmd;C:\Users\Sobuj\AppData\Local\Microsoft\WindowsApps;C:\Program Files\Java\jdk-14.0.1\bin;C:\SDK\dart-sdk\bin;C:\SDK\flutter\bin;C:\Users\Sobuj\AppData\Local\Programs\Python\Python39;C:\Users\Sobuj\AppData\Local\Programs\Python\Python39\Scripts;C:\Program Files\JetBrains\PyCharm Edu 2020.2.3\bin;;C:\Users\Sobuj\AppData\Roaming\npm;C:\Users\Sobuj\AppData\Local\Programs\Microsoft VS Code\bin;C:\Users\Sobuj\AppData\Local\Programs\Hyper\resources\bin;C:\Program Files\MongoDB\Server\5.0\bin;

Yarn version: 
  1.22.17

Node version: 
  16.13.1

Platform: 
  win32 x64

Trace: 
  Error: EPERM: operation not permitted, unlink 'F:\Web Development With Sumit\ExpressJS\Todo Project\node_modules\bcrypt\lib\binding\napi-v3\bcrypt_lib.node'

npm manifest: 
  {
    "name": "todo-project",
    "version": "1.0.0",
    "description": "It is a simple project on Express JS",
    "main": "index.js",
    "scripts": {
      "start": "nodemon index",
      "test": "echo \"Error: no test specified\" && exit 1",
      "lint": "yarn add -D prettier && yarn add -D babel-eslint && npx install-peerdeps --dev eslint-config-airbnb && yarn add -D eslint-config-prettier eslint-plugin-prettier"
    },
    "author": "Habibur Rahman Sobuj",
    "license": "ISC",
    "dependencies": {
      "bcrypt": "^5.0.1",
      "dotenv": "^16.0.0",
      "eslint-config-prettier": "^8.3.0",
      "eslint-plugin-prettier": "^4.0.0",
      "express": "^4.17.3",
      "jsonwebtoken": "^8.5.1",
      "mongoose": "^6.2.9"
    },
    "devDependencies": {
      "eslint": "^8.12.0",
      "prettier": "^2.6.2"
    }
  }

yarn manifest: 
  No manifest

Lockfile: 
  No lockfile
